<?xml version="1.0" encoding="UTF-8"?>
<testsuite name="me.sungwoo.book.springboot.web.PostsApiControllerTest" tests="2" skipped="0" failures="0" errors="0" timestamp="2021-09-02T00:52:46" hostname="sungui-MacBookPro.local" time="0.298">
  <properties/>
  <testcase name="Posts_등록된다" classname="me.sungwoo.book.springboot.web.PostsApiControllerTest" time="0.246"/>
  <testcase name="Posts_수정된다" classname="me.sungwoo.book.springboot.web.PostsApiControllerTest" time="0.051"/>
  <system-out><![CDATA[2021-09-02 09:52:46.100  INFO 22737 --- [    Test worker] .b.t.c.SpringBootTestContextBootstrapper : Neither @ContextConfiguration nor @ContextHierarchy found for test class [me.sungwoo.book.springboot.web.PostsApiControllerTest], using SpringBootContextLoader
2021-09-02 09:52:46.101  INFO 22737 --- [    Test worker] o.s.t.c.support.AbstractContextLoader    : Could not detect default resource locations for test class [me.sungwoo.book.springboot.web.PostsApiControllerTest]: no resource found for suffixes {-context.xml, Context.groovy}.
2021-09-02 09:52:46.102  INFO 22737 --- [    Test worker] t.c.s.AnnotationConfigContextLoaderUtils : Could not detect default configuration classes for test class [me.sungwoo.book.springboot.web.PostsApiControllerTest]: PostsApiControllerTest does not declare any static, non-private, non-final, nested classes annotated with @Configuration.
2021-09-02 09:52:46.103  INFO 22737 --- [    Test worker] .b.t.c.SpringBootTestContextBootstrapper : Found @SpringBootConfiguration me.sungwoo.book.springboot.Application for test class me.sungwoo.book.springboot.web.PostsApiControllerTest
2021-09-02 09:52:46.104  INFO 22737 --- [    Test worker] .b.t.c.SpringBootTestContextBootstrapper : Loaded default TestExecutionListener class names from location [META-INF/spring.factories]: [org.springframework.security.test.context.support.WithSecurityContextTestExecutionListener, org.springframework.security.test.context.support.ReactorContextTestExecutionListener, org.springframework.boot.test.autoconfigure.restdocs.RestDocsTestExecutionListener, org.springframework.boot.test.autoconfigure.web.client.MockRestServiceServerResetTestExecutionListener, org.springframework.boot.test.autoconfigure.web.servlet.MockMvcPrintOnlyOnFailureTestExecutionListener, org.springframework.boot.test.autoconfigure.web.servlet.WebDriverTestExecutionListener, org.springframework.boot.test.mock.mockito.MockitoTestExecutionListener, org.springframework.boot.test.mock.mockito.ResetMocksTestExecutionListener, org.springframework.test.context.web.ServletTestExecutionListener, org.springframework.test.context.support.DirtiesContextBeforeModesTestExecutionListener, org.springframework.test.context.support.DependencyInjectionTestExecutionListener, org.springframework.test.context.support.DirtiesContextTestExecutionListener, org.springframework.test.context.transaction.TransactionalTestExecutionListener, org.springframework.test.context.jdbc.SqlScriptsTestExecutionListener]
2021-09-02 09:52:46.105  INFO 22737 --- [    Test worker] .b.t.c.SpringBootTestContextBootstrapper : Using TestExecutionListeners: [org.springframework.test.context.web.ServletTestExecutionListener@4e68ffd8, org.springframework.test.context.support.DirtiesContextBeforeModesTestExecutionListener@53fe32c3, org.springframework.boot.test.mock.mockito.MockitoTestExecutionListener@4a3f2822, org.springframework.boot.test.autoconfigure.SpringBootDependencyInjectionTestExecutionListener@28e6ee46, org.springframework.test.context.support.DirtiesContextTestExecutionListener@217942bd, org.springframework.test.context.transaction.TransactionalTestExecutionListener@333047b, org.springframework.test.context.jdbc.SqlScriptsTestExecutionListener@30fe4207, org.springframework.security.test.context.support.WithSecurityContextTestExecutionListener@2f751e80, org.springframework.security.test.context.support.ReactorContextTestExecutionListener@44f2cd79, org.springframework.boot.test.autoconfigure.restdocs.RestDocsTestExecutionListener@5f790940, org.springframework.boot.test.autoconfigure.web.client.MockRestServiceServerResetTestExecutionListener@1dd586d2, org.springframework.boot.test.autoconfigure.web.servlet.MockMvcPrintOnlyOnFailureTestExecutionListener@1a530af6, org.springframework.boot.test.autoconfigure.web.servlet.WebDriverTestExecutionListener@481885c0, org.springframework.boot.test.mock.mockito.ResetMocksTestExecutionListener@5f3cb68a]
2021-09-02 09:52:46.113  INFO 22737 --- [    Test worker] o.a.c.c.C.[Tomcat].[localhost].[/]       : Initializing Spring TestDispatcherServlet ''
2021-09-02 09:52:46.114  INFO 22737 --- [    Test worker] o.s.t.web.servlet.TestDispatcherServlet  : Initializing Servlet ''
2021-09-02 09:52:46.117  INFO 22737 --- [    Test worker] o.s.t.web.servlet.TestDispatcherServlet  : Completed initialization in 3 ms
Hibernate: insert into posts (created_date, modified_date, author, content, title) values (?, ?, ?, ?, ?)
Hibernate: select posts0_.id as id1_0_, posts0_.created_date as created_2_0_, posts0_.modified_date as modified3_0_, posts0_.author as author4_0_, posts0_.content as content5_0_, posts0_.title as title6_0_ from posts posts0_
Hibernate: select posts0_.id as id1_0_, posts0_.created_date as created_2_0_, posts0_.modified_date as modified3_0_, posts0_.author as author4_0_, posts0_.content as content5_0_, posts0_.title as title6_0_ from posts posts0_
Hibernate: delete from posts where id=?
2021-09-02 09:52:46.359  INFO 22737 --- [    Test worker] o.a.c.c.C.[Tomcat].[localhost].[/]       : Initializing Spring TestDispatcherServlet ''
2021-09-02 09:52:46.359  INFO 22737 --- [    Test worker] o.s.t.web.servlet.TestDispatcherServlet  : Initializing Servlet ''
2021-09-02 09:52:46.362  INFO 22737 --- [    Test worker] o.s.t.web.servlet.TestDispatcherServlet  : Completed initialization in 3 ms
Hibernate: insert into posts (created_date, modified_date, author, content, title) values (?, ?, ?, ?, ?)
Hibernate: select posts0_.id as id1_0_0_, posts0_.created_date as created_2_0_0_, posts0_.modified_date as modified3_0_0_, posts0_.author as author4_0_0_, posts0_.content as content5_0_0_, posts0_.title as title6_0_0_ from posts posts0_ where posts0_.id=?
Hibernate: update posts set created_date=?, modified_date=?, author=?, content=?, title=? where id=?
Hibernate: select posts0_.id as id1_0_, posts0_.created_date as created_2_0_, posts0_.modified_date as modified3_0_, posts0_.author as author4_0_, posts0_.content as content5_0_, posts0_.title as title6_0_ from posts posts0_
Hibernate: select posts0_.id as id1_0_, posts0_.created_date as created_2_0_, posts0_.modified_date as modified3_0_, posts0_.author as author4_0_, posts0_.content as content5_0_, posts0_.title as title6_0_ from posts posts0_
Hibernate: delete from posts where id=?
]]></system-out>
  <system-err><![CDATA[]]></system-err>
</testsuite>
