<?xml version="1.0" encoding="UTF-8"?>
<testsuite name="me.sungwoo.book.springboot.web.dto.HelloResponseDtoTest" tests="1" skipped="0" failures="0" errors="0" timestamp="2021-09-02T00:52:35" hostname="sungui-MacBookPro.local" time="0.105">
  <properties/>
  <testcase name="롬복_기능_테스트" classname="me.sungwoo.book.springboot.web.dto.HelloResponseDtoTest" time="0.105"/>
  <system-out><![CDATA[]]></system-out>
  <system-err><![CDATA[]]></system-err>
</testsuite>
