<?xml version="1.0" encoding="UTF-8"?>
<testsuite name="me.sungwoo.book.springboot.domain.posts.PostsRepositoryTest" tests="2" skipped="0" failures="0" errors="0" timestamp="2021-09-02T00:52:48" hostname="sungui-MacBookPro.local" time="0.04">
  <properties/>
  <testcase name="게시글저장_불러오기" classname="me.sungwoo.book.springboot.domain.posts.PostsRepositoryTest" time="0.023"/>
  <testcase name="BaseTimeEntity_등록" classname="me.sungwoo.book.springboot.domain.posts.PostsRepositoryTest" time="0.016"/>
  <system-out><![CDATA[2021-09-02 09:52:46.409  INFO 22737 --- [    Test worker] .b.t.c.SpringBootTestContextBootstrapper : Neither @ContextConfiguration nor @ContextHierarchy found for test class [me.sungwoo.book.springboot.domain.posts.PostsRepositoryTest], using SpringBootContextLoader
2021-09-02 09:52:46.410  INFO 22737 --- [    Test worker] o.s.t.c.support.AbstractContextLoader    : Could not detect default resource locations for test class [me.sungwoo.book.springboot.domain.posts.PostsRepositoryTest]: no resource found for suffixes {-context.xml, Context.groovy}.
2021-09-02 09:52:46.410  INFO 22737 --- [    Test worker] t.c.s.AnnotationConfigContextLoaderUtils : Could not detect default configuration classes for test class [me.sungwoo.book.springboot.domain.posts.PostsRepositoryTest]: PostsRepositoryTest does not declare any static, non-private, non-final, nested classes annotated with @Configuration.
2021-09-02 09:52:46.417  INFO 22737 --- [    Test worker] .b.t.c.SpringBootTestContextBootstrapper : Found @SpringBootConfiguration me.sungwoo.book.springboot.Application for test class me.sungwoo.book.springboot.domain.posts.PostsRepositoryTest
2021-09-02 09:52:46.418  INFO 22737 --- [    Test worker] .b.t.c.SpringBootTestContextBootstrapper : Loaded default TestExecutionListener class names from location [META-INF/spring.factories]: [org.springframework.security.test.context.support.WithSecurityContextTestExecutionListener, org.springframework.security.test.context.support.ReactorContextTestExecutionListener, org.springframework.boot.test.autoconfigure.restdocs.RestDocsTestExecutionListener, org.springframework.boot.test.autoconfigure.web.client.MockRestServiceServerResetTestExecutionListener, org.springframework.boot.test.autoconfigure.web.servlet.MockMvcPrintOnlyOnFailureTestExecutionListener, org.springframework.boot.test.autoconfigure.web.servlet.WebDriverTestExecutionListener, org.springframework.boot.test.mock.mockito.MockitoTestExecutionListener, org.springframework.boot.test.mock.mockito.ResetMocksTestExecutionListener, org.springframework.test.context.web.ServletTestExecutionListener, org.springframework.test.context.support.DirtiesContextBeforeModesTestExecutionListener, org.springframework.test.context.support.DependencyInjectionTestExecutionListener, org.springframework.test.context.support.DirtiesContextTestExecutionListener, org.springframework.test.context.transaction.TransactionalTestExecutionListener, org.springframework.test.context.jdbc.SqlScriptsTestExecutionListener]
2021-09-02 09:52:46.419  INFO 22737 --- [    Test worker] .b.t.c.SpringBootTestContextBootstrapper : Using TestExecutionListeners: [org.springframework.test.context.web.ServletTestExecutionListener@1e2b57ea, org.springframework.test.context.support.DirtiesContextBeforeModesTestExecutionListener@4ebc5bc8, org.springframework.boot.test.mock.mockito.MockitoTestExecutionListener@2cc68e4c, org.springframework.boot.test.autoconfigure.SpringBootDependencyInjectionTestExecutionListener@6a29f851, org.springframework.test.context.support.DirtiesContextTestExecutionListener@2ef976f9, org.springframework.test.context.transaction.TransactionalTestExecutionListener@2371af5, org.springframework.test.context.jdbc.SqlScriptsTestExecutionListener@1a9b4011, org.springframework.security.test.context.support.WithSecurityContextTestExecutionListener@3fd5d863, org.springframework.security.test.context.support.ReactorContextTestExecutionListener@5afe3fde, org.springframework.boot.test.autoconfigure.restdocs.RestDocsTestExecutionListener@60a476c6, org.springframework.boot.test.autoconfigure.web.client.MockRestServiceServerResetTestExecutionListener@20ff290b, org.springframework.boot.test.autoconfigure.web.servlet.MockMvcPrintOnlyOnFailureTestExecutionListener@31f8ebb7, org.springframework.boot.test.autoconfigure.web.servlet.WebDriverTestExecutionListener@1ad33299, org.springframework.boot.test.mock.mockito.ResetMocksTestExecutionListener@59827543]

  .   ____          _            __ _ _
 /\\ / ___'_ __ _ _(_)_ __  __ _ \ \ \ \
( ( )\___ | '_ | '_| | '_ \/ _` | \ \ \ \
 \\/  ___)| |_)| | | | | || (_| |  ) ) ) )
  '  |____| .__|_| |_|_| |_\__, | / / / /
 =========|_|==============|___/=/_/_/_/
 :: Spring Boot ::        (v2.1.9.RELEASE)

2021-09-02 09:52:46.453  INFO 22737 --- [    Test worker] m.s.b.s.d.posts.PostsRepositoryTest      : Starting PostsRepositoryTest on sungui-MacBookPro.local with PID 22737 (started by sungwoo in /Users/sungwoo/Documents/study/freelec-springboot2-webservice)
2021-09-02 09:52:46.453  INFO 22737 --- [    Test worker] m.s.b.s.d.posts.PostsRepositoryTest      : No active profile set, falling back to default profiles: default
2021-09-02 09:52:46.789  INFO 22737 --- [    Test worker] .s.d.r.c.RepositoryConfigurationDelegate : Bootstrapping Spring Data repositories in DEFAULT mode.
2021-09-02 09:52:46.805  INFO 22737 --- [    Test worker] .s.d.r.c.RepositoryConfigurationDelegate : Finished Spring Data repository scanning in 16ms. Found 2 repository interfaces.
2021-09-02 09:52:46.918  INFO 22737 --- [    Test worker] trationDelegate$BeanPostProcessorChecker : Bean 'org.springframework.transaction.annotation.ProxyTransactionManagementConfiguration' of type [org.springframework.transaction.annotation.ProxyTransactionManagementConfiguration$$EnhancerBySpringCGLIB$$4ec43c89] is not eligible for getting processed by all BeanPostProcessors (for example: not eligible for auto-proxying)
2021-09-02 09:52:46.982  INFO 22737 --- [    Test worker] com.zaxxer.hikari.HikariDataSource       : HikariPool-2 - Starting...
2021-09-02 09:52:46.983  INFO 22737 --- [    Test worker] com.zaxxer.hikari.HikariDataSource       : HikariPool-2 - Start completed.
2021-09-02 09:52:47.003  INFO 22737 --- [    Test worker] o.hibernate.jpa.internal.util.LogHelper  : HHH000204: Processing PersistenceUnitInfo [
	name: default
	...]
2021-09-02 09:52:47.025  INFO 22737 --- [    Test worker] org.hibernate.dialect.Dialect            : HHH000400: Using dialect: org.hibernate.dialect.MySQL5InnoDBDialect
Hibernate: drop table if exists posts
Hibernate: drop table if exists user
Hibernate: create table posts (id bigint not null auto_increment, created_date datetime, modified_date datetime, author varchar(255), content TEXT not null, title varchar(500) not null, primary key (id)) engine=InnoDB
Hibernate: create table user (id bigint not null auto_increment, created_date datetime, modified_date datetime, email varchar(255) not null, name varchar(255) not null, picture varchar(255), role varchar(255) not null, primary key (id)) engine=InnoDB
2021-09-02 09:52:47.076  INFO 22737 --- [    Test worker] o.h.t.schema.internal.SchemaCreatorImpl  : HHH000476: Executing import script 'org.hibernate.tool.schema.internal.exec.ScriptSourceInputNonExistentImpl@11fa98b4'
2021-09-02 09:52:47.076  INFO 22737 --- [    Test worker] j.LocalContainerEntityManagerFactoryBean : Initialized JPA EntityManagerFactory for persistence unit 'default'
2021-09-02 09:52:47.267  INFO 22737 --- [    Test worker] o.h.h.i.QueryTranslatorFactoryInitiator  : HHH000397: Using ASTQueryTranslatorFactory
2021-09-02 09:52:47.401  INFO 22737 --- [    Test worker] o.s.s.web.DefaultSecurityFilterChain     : Creating filter chain: any request, [org.springframework.security.web.context.request.async.WebAsyncManagerIntegrationFilter@3d695c4, org.springframework.security.web.context.SecurityContextPersistenceFilter@2170c443, org.springframework.security.web.header.HeaderWriterFilter@54ed1e03, org.springframework.security.web.authentication.logout.LogoutFilter@73bd0632, org.springframework.security.oauth2.client.web.OAuth2AuthorizationRequestRedirectFilter@26fd9868, org.springframework.security.oauth2.client.web.OAuth2LoginAuthenticationFilter@1d53ca6b, org.springframework.security.web.authentication.ui.DefaultLoginPageGeneratingFilter@54c89234, org.springframework.security.web.authentication.ui.DefaultLogoutPageGeneratingFilter@3dd3fe2b, org.springframework.security.web.savedrequest.RequestCacheAwareFilter@57ffa025, org.springframework.security.web.servletapi.SecurityContextHolderAwareRequestFilter@6bdeb1df, org.springframework.security.web.authentication.AnonymousAuthenticationFilter@77a70f21, org.springframework.security.web.session.SessionManagementFilter@36513f17, org.springframework.security.web.access.ExceptionTranslationFilter@6e730141, org.springframework.security.web.access.intercept.FilterSecurityInterceptor@7179f845]
2021-09-02 09:52:47.668  INFO 22737 --- [    Test worker] o.s.s.concurrent.ThreadPoolTaskExecutor  : Initializing ExecutorService 'applicationTaskExecutor'
2021-09-02 09:52:47.695  WARN 22737 --- [    Test worker] aWebConfiguration$JpaWebMvcConfiguration : spring.jpa.open-in-view is enabled by default. Therefore, database queries may be performed during view rendering. Explicitly configure spring.jpa.open-in-view to disable this warning
2021-09-02 09:52:47.723  INFO 22737 --- [    Test worker] o.s.b.a.w.s.WelcomePageHandlerMapping    : Adding welcome page template: index
2021-09-02 09:52:48.018  INFO 22737 --- [    Test worker] s.a.ScheduledAnnotationBeanPostProcessor : No TaskScheduler/ScheduledExecutorService bean found for scheduled processing
2021-09-02 09:52:48.020  INFO 22737 --- [    Test worker] m.s.b.s.d.posts.PostsRepositoryTest      : Started PostsRepositoryTest in 1.599 seconds (JVM running for 13.084)
Hibernate: insert into posts (created_date, modified_date, author, content, title) values (?, ?, ?, ?, ?)
Hibernate: select posts0_.id as id1_0_, posts0_.created_date as created_2_0_, posts0_.modified_date as modified3_0_, posts0_.author as author4_0_, posts0_.content as content5_0_, posts0_.title as title6_0_ from posts posts0_
Hibernate: select posts0_.id as id1_0_, posts0_.created_date as created_2_0_, posts0_.modified_date as modified3_0_, posts0_.author as author4_0_, posts0_.content as content5_0_, posts0_.title as title6_0_ from posts posts0_
Hibernate: delete from posts where id=?
Hibernate: insert into posts (created_date, modified_date, author, content, title) values (?, ?, ?, ?, ?)
Hibernate: select posts0_.id as id1_0_, posts0_.created_date as created_2_0_, posts0_.modified_date as modified3_0_, posts0_.author as author4_0_, posts0_.content as content5_0_, posts0_.title as title6_0_ from posts posts0_
>>>>>>>>> createDate=2021-09-02T09:52:48.050090, modifiedDate=2021-09-02T09:52:48.050090
Hibernate: select posts0_.id as id1_0_, posts0_.created_date as created_2_0_, posts0_.modified_date as modified3_0_, posts0_.author as author4_0_, posts0_.content as content5_0_, posts0_.title as title6_0_ from posts posts0_
Hibernate: delete from posts where id=?
]]></system-out>
  <system-err><![CDATA[]]></system-err>
</testsuite>
