<?xml version="1.0" encoding="UTF-8"?>
<testsuite name="me.sungwoo.book.springboot.web.IndexControllerTest" tests="1" skipped="0" failures="0" errors="0" timestamp="2021-09-02T00:52:45" hostname="sungui-MacBookPro.local" time="0.277">
  <properties/>
  <testcase name="메인페이지_로딩" classname="me.sungwoo.book.springboot.web.IndexControllerTest" time="0.277"/>
  <system-out><![CDATA[2021-09-02 09:52:40.636  INFO 22737 --- [    Test worker] .b.t.c.SpringBootTestContextBootstrapper : Neither @ContextConfiguration nor @ContextHierarchy found for test class [me.sungwoo.book.springboot.web.IndexControllerTest], using SpringBootContextLoader
2021-09-02 09:52:40.637  INFO 22737 --- [    Test worker] o.s.t.c.support.AbstractContextLoader    : Could not detect default resource locations for test class [me.sungwoo.book.springboot.web.IndexControllerTest]: no resource found for suffixes {-context.xml, Context.groovy}.
2021-09-02 09:52:40.638  INFO 22737 --- [    Test worker] t.c.s.AnnotationConfigContextLoaderUtils : Could not detect default configuration classes for test class [me.sungwoo.book.springboot.web.IndexControllerTest]: IndexControllerTest does not declare any static, non-private, non-final, nested classes annotated with @Configuration.
2021-09-02 09:52:40.640  INFO 22737 --- [    Test worker] .b.t.c.SpringBootTestContextBootstrapper : Found @SpringBootConfiguration me.sungwoo.book.springboot.Application for test class me.sungwoo.book.springboot.web.IndexControllerTest
2021-09-02 09:52:40.642  INFO 22737 --- [    Test worker] .b.t.c.SpringBootTestContextBootstrapper : Loaded default TestExecutionListener class names from location [META-INF/spring.factories]: [org.springframework.security.test.context.support.WithSecurityContextTestExecutionListener, org.springframework.security.test.context.support.ReactorContextTestExecutionListener, org.springframework.boot.test.autoconfigure.restdocs.RestDocsTestExecutionListener, org.springframework.boot.test.autoconfigure.web.client.MockRestServiceServerResetTestExecutionListener, org.springframework.boot.test.autoconfigure.web.servlet.MockMvcPrintOnlyOnFailureTestExecutionListener, org.springframework.boot.test.autoconfigure.web.servlet.WebDriverTestExecutionListener, org.springframework.boot.test.mock.mockito.MockitoTestExecutionListener, org.springframework.boot.test.mock.mockito.ResetMocksTestExecutionListener, org.springframework.test.context.web.ServletTestExecutionListener, org.springframework.test.context.support.DirtiesContextBeforeModesTestExecutionListener, org.springframework.test.context.support.DependencyInjectionTestExecutionListener, org.springframework.test.context.support.DirtiesContextTestExecutionListener, org.springframework.test.context.transaction.TransactionalTestExecutionListener, org.springframework.test.context.jdbc.SqlScriptsTestExecutionListener]
2021-09-02 09:52:40.643  INFO 22737 --- [    Test worker] .b.t.c.SpringBootTestContextBootstrapper : Using TestExecutionListeners: [org.springframework.test.context.web.ServletTestExecutionListener@1480c5a8, org.springframework.test.context.support.DirtiesContextBeforeModesTestExecutionListener@4647bd0, org.springframework.boot.test.mock.mockito.MockitoTestExecutionListener@479ecf1c, org.springframework.boot.test.autoconfigure.SpringBootDependencyInjectionTestExecutionListener@5f681238, org.springframework.test.context.support.DirtiesContextTestExecutionListener@4dd721f8, org.springframework.test.context.transaction.TransactionalTestExecutionListener@6aca7969, org.springframework.test.context.jdbc.SqlScriptsTestExecutionListener@5b9dbd03, org.springframework.security.test.context.support.WithSecurityContextTestExecutionListener@44fb8d9a, org.springframework.security.test.context.support.ReactorContextTestExecutionListener@3057bc1c, org.springframework.boot.test.autoconfigure.restdocs.RestDocsTestExecutionListener@96f8a4e, org.springframework.boot.test.autoconfigure.web.client.MockRestServiceServerResetTestExecutionListener@3f2c5bc5, org.springframework.boot.test.autoconfigure.web.servlet.MockMvcPrintOnlyOnFailureTestExecutionListener@272396e7, org.springframework.boot.test.autoconfigure.web.servlet.WebDriverTestExecutionListener@2a196943, org.springframework.boot.test.mock.mockito.ResetMocksTestExecutionListener@5f51abb4]

  .   ____          _            __ _ _
 /\\ / ___'_ __ _ _(_)_ __  __ _ \ \ \ \
( ( )\___ | '_ | '_| | '_ \/ _` | \ \ \ \
 \\/  ___)| |_)| | | | | || (_| |  ) ) ) )
  '  |____| .__|_| |_|_| |_\__, | / / / /
 =========|_|==============|___/=/_/_/_/
 :: Spring Boot ::        (v2.1.9.RELEASE)

2021-09-02 09:52:40.698  INFO 22737 --- [    Test worker] m.s.b.s.web.IndexControllerTest          : Starting IndexControllerTest on sungui-MacBookPro.local with PID 22737 (started by sungwoo in /Users/sungwoo/Documents/study/freelec-springboot2-webservice)
2021-09-02 09:52:40.699  INFO 22737 --- [    Test worker] m.s.b.s.web.IndexControllerTest          : No active profile set, falling back to default profiles: default
2021-09-02 09:52:41.182  INFO 22737 --- [    Test worker] .s.d.r.c.RepositoryConfigurationDelegate : Bootstrapping Spring Data repositories in DEFAULT mode.
2021-09-02 09:52:41.276  INFO 22737 --- [    Test worker] .s.d.r.c.RepositoryConfigurationDelegate : Finished Spring Data repository scanning in 83ms. Found 2 repository interfaces.
2021-09-02 09:52:41.603  INFO 22737 --- [    Test worker] trationDelegate$BeanPostProcessorChecker : Bean 'org.springframework.transaction.annotation.ProxyTransactionManagementConfiguration' of type [org.springframework.transaction.annotation.ProxyTransactionManagementConfiguration$$EnhancerBySpringCGLIB$$4ec43c89] is not eligible for getting processed by all BeanPostProcessors (for example: not eligible for auto-proxying)
2021-09-02 09:52:41.985  INFO 22737 --- [    Test worker] o.s.b.w.embedded.tomcat.TomcatWebServer  : Tomcat initialized with port(s): 0 (http)
2021-09-02 09:52:42.066  INFO 22737 --- [    Test worker] o.apache.catalina.core.StandardService   : Starting service [Tomcat]
2021-09-02 09:52:42.067  INFO 22737 --- [    Test worker] org.apache.catalina.core.StandardEngine  : Starting Servlet engine: [Apache Tomcat/9.0.26]
2021-09-02 09:52:42.331  INFO 22737 --- [    Test worker] o.a.c.c.C.[Tomcat].[localhost].[/]       : Initializing Spring embedded WebApplicationContext
2021-09-02 09:52:42.331  INFO 22737 --- [    Test worker] o.s.web.context.ContextLoader            : Root WebApplicationContext: initialization completed in 1625 ms
2021-09-02 09:52:42.650  INFO 22737 --- [    Test worker] com.zaxxer.hikari.HikariDataSource       : HikariPool-1 - Starting...
2021-09-02 09:52:42.911  INFO 22737 --- [    Test worker] com.zaxxer.hikari.HikariDataSource       : HikariPool-1 - Start completed.
2021-09-02 09:52:43.045  INFO 22737 --- [    Test worker] o.hibernate.jpa.internal.util.LogHelper  : HHH000204: Processing PersistenceUnitInfo [
	name: default
	...]
2021-09-02 09:52:43.133  INFO 22737 --- [    Test worker] org.hibernate.Version                    : HHH000412: Hibernate Core {5.3.12.Final}
2021-09-02 09:52:43.135  INFO 22737 --- [    Test worker] org.hibernate.cfg.Environment            : HHH000206: hibernate.properties not found
2021-09-02 09:52:43.191  INFO 22737 --- [    Test worker] o.hibernate.annotations.common.Version   : HCANN000001: Hibernate Commons Annotations {5.0.4.Final}
2021-09-02 09:52:43.394  INFO 22737 --- [    Test worker] org.hibernate.dialect.Dialect            : HHH000400: Using dialect: org.hibernate.dialect.MySQL5InnoDBDialect
Hibernate: drop table if exists posts
Hibernate: drop table if exists user
Hibernate: create table posts (id bigint not null auto_increment, created_date datetime, modified_date datetime, author varchar(255), content TEXT not null, title varchar(500) not null, primary key (id)) engine=InnoDB
Hibernate: create table user (id bigint not null auto_increment, created_date datetime, modified_date datetime, email varchar(255) not null, name varchar(255) not null, picture varchar(255), role varchar(255) not null, primary key (id)) engine=InnoDB
2021-09-02 09:52:44.144  INFO 22737 --- [    Test worker] o.h.t.schema.internal.SchemaCreatorImpl  : HHH000476: Executing import script 'org.hibernate.tool.schema.internal.exec.ScriptSourceInputNonExistentImpl@11fa98b4'
2021-09-02 09:52:44.148  INFO 22737 --- [    Test worker] j.LocalContainerEntityManagerFactoryBean : Initialized JPA EntityManagerFactory for persistence unit 'default'
2021-09-02 09:52:44.873  INFO 22737 --- [    Test worker] o.h.h.i.QueryTranslatorFactoryInitiator  : HHH000397: Using ASTQueryTranslatorFactory
2021-09-02 09:52:45.184  INFO 22737 --- [    Test worker] o.s.s.web.DefaultSecurityFilterChain     : Creating filter chain: any request, [org.springframework.security.web.context.request.async.WebAsyncManagerIntegrationFilter@27683cf7, org.springframework.security.web.context.SecurityContextPersistenceFilter@35e25e10, org.springframework.security.web.header.HeaderWriterFilter@6c5c9368, org.springframework.security.web.authentication.logout.LogoutFilter@337d183e, org.springframework.security.oauth2.client.web.OAuth2AuthorizationRequestRedirectFilter@7e8106a1, org.springframework.security.oauth2.client.web.OAuth2LoginAuthenticationFilter@75a915ab, org.springframework.security.web.authentication.ui.DefaultLoginPageGeneratingFilter@14c8d669, org.springframework.security.web.authentication.ui.DefaultLogoutPageGeneratingFilter@16a159ff, org.springframework.security.web.savedrequest.RequestCacheAwareFilter@5bb16f30, org.springframework.security.web.servletapi.SecurityContextHolderAwareRequestFilter@53fe60fd, org.springframework.security.web.authentication.AnonymousAuthenticationFilter@9f815a2, org.springframework.security.web.session.SessionManagementFilter@98fd26, org.springframework.security.web.access.ExceptionTranslationFilter@27692a86, org.springframework.security.web.access.intercept.FilterSecurityInterceptor@1b3d3092]
2021-09-02 09:52:45.372  INFO 22737 --- [    Test worker] o.s.s.concurrent.ThreadPoolTaskExecutor  : Initializing ExecutorService 'applicationTaskExecutor'
2021-09-02 09:52:45.404  WARN 22737 --- [    Test worker] aWebConfiguration$JpaWebMvcConfiguration : spring.jpa.open-in-view is enabled by default. Therefore, database queries may be performed during view rendering. Explicitly configure spring.jpa.open-in-view to disable this warning
2021-09-02 09:52:45.441  INFO 22737 --- [    Test worker] o.s.b.a.w.s.WelcomePageHandlerMapping    : Adding welcome page template: index
2021-09-02 09:52:45.767  INFO 22737 --- [    Test worker] s.a.ScheduledAnnotationBeanPostProcessor : No TaskScheduler/ScheduledExecutorService bean found for scheduled processing
2021-09-02 09:52:45.808  INFO 22737 --- [    Test worker] o.s.b.w.embedded.tomcat.TomcatWebServer  : Tomcat started on port(s): 56158 (http) with context path ''
2021-09-02 09:52:45.809  INFO 22737 --- [    Test worker] m.s.b.s.web.IndexControllerTest          : Started IndexControllerTest in 5.164 seconds (JVM running for 10.873)
2021-09-02 09:52:45.948  INFO 22737 --- [o-auto-1-exec-1] o.a.c.c.C.[Tomcat].[localhost].[/]       : Initializing Spring DispatcherServlet 'dispatcherServlet'
2021-09-02 09:52:45.949  INFO 22737 --- [o-auto-1-exec-1] o.s.web.servlet.DispatcherServlet        : Initializing Servlet 'dispatcherServlet'
2021-09-02 09:52:45.981  INFO 22737 --- [o-auto-1-exec-1] o.s.web.servlet.DispatcherServlet        : Completed initialization in 32 ms
Hibernate: select posts0_.id as id1_0_, posts0_.created_date as created_2_0_, posts0_.modified_date as modified3_0_, posts0_.author as author4_0_, posts0_.content as content5_0_, posts0_.title as title6_0_ from posts posts0_ order by posts0_.id DESC
]]></system-out>
  <system-err><![CDATA[]]></system-err>
</testsuite>
